[INFO  - 2016-10-15T02:49:15.620Z] GhostDriver - Main - running on port 47971
[INFO  - 2016-10-15T02:49:16.560Z] Session [f68226a0-9281-11e6-80c4-15fdc62339d7] - page.settings - {"XSSAuditingEnabled":false,"javascriptCanCloseWindows":true,"javascriptCanOpenWindows":true,"javascriptEnabled":true,"loadImages":true,"localToRemoteUrlAccessEnabled":false,"userAgent":"Mozilla/5.0 (Windows NT 6.2; WOW64) AppleWebKit/538.1 (KHTML, like Gecko) PhantomJS/2.1.1 Safari/538.1","webSecurityEnabled":true}
[INFO  - 2016-10-15T02:49:16.560Z] Session [f68226a0-9281-11e6-80c4-15fdc62339d7] - page.customHeaders:  - {}
[INFO  - 2016-10-15T02:49:16.560Z] Session [f68226a0-9281-11e6-80c4-15fdc62339d7] - Session.negotiatedCapabilities - {"browserName":"phantomjs","version":"2.1.1","driverName":"ghostdriver","driverVersion":"1.2.0","platform":"windows-8.1-32bit","javascriptEnabled":true,"takesScreenshot":true,"handlesAlerts":false,"databaseEnabled":false,"locationContextEnabled":false,"applicationCacheEnabled":false,"browserConnectionEnabled":false,"cssSelectorsEnabled":true,"webStorageEnabled":false,"rotatable":false,"acceptSslCerts":false,"nativeEvents":true,"proxy":{"proxyType":"direct"}}
[INFO  - 2016-10-15T02:49:16.560Z] SessionManagerReqHand - _postNewSessionCommand - New Session Created: f68226a0-9281-11e6-80c4-15fdc62339d7
[INFO  - 2016-10-15T02:49:20.311Z] ShutdownReqHand - _handle - About to shutdown
[INFO  - 2016-10-15T02:49:36.391Z] GhostDriver - Main - running on port 18717
[INFO  - 2016-10-15T02:49:37.258Z] Session [02d7ce00-9282-11e6-846b-fdc0e7114ca2] - page.settings - {"XSSAuditingEnabled":false,"javascriptCanCloseWindows":true,"javascriptCanOpenWindows":true,"javascriptEnabled":true,"loadImages":true,"localToRemoteUrlAccessEnabled":false,"userAgent":"Mozilla/5.0 (Windows NT 6.2; WOW64) AppleWebKit/538.1 (KHTML, like Gecko) PhantomJS/2.1.1 Safari/538.1","webSecurityEnabled":true}
[INFO  - 2016-10-15T02:49:37.258Z] Session [02d7ce00-9282-11e6-846b-fdc0e7114ca2] - page.customHeaders:  - {}
[INFO  - 2016-10-15T02:49:37.258Z] Session [02d7ce00-9282-11e6-846b-fdc0e7114ca2] - Session.negotiatedCapabilities - {"browserName":"phantomjs","version":"2.1.1","driverName":"ghostdriver","driverVersion":"1.2.0","platform":"windows-8.1-32bit","javascriptEnabled":true,"takesScreenshot":true,"handlesAlerts":false,"databaseEnabled":false,"locationContextEnabled":false,"applicationCacheEnabled":false,"browserConnectionEnabled":false,"cssSelectorsEnabled":true,"webStorageEnabled":false,"rotatable":false,"acceptSslCerts":false,"nativeEvents":true,"proxy":{"proxyType":"direct"}}
[INFO  - 2016-10-15T02:49:37.258Z] SessionManagerReqHand - _postNewSessionCommand - New Session Created: 02d7ce00-9282-11e6-846b-fdc0e7114ca2
[INFO  - 2016-10-15T02:49:41.967Z] ShutdownReqHand - _handle - About to shutdown
[INFO  - 2016-10-16T15:36:02.925Z] GhostDriver - Main - running on port 31296
[INFO  - 2016-10-16T15:36:04.478Z] Session [3fc64c30-93b6-11e6-89b4-092e151ccd93] - page.settings - {"XSSAuditingEnabled":false,"javascriptCanCloseWindows":true,"javascriptCanOpenWindows":true,"javascriptEnabled":true,"loadImages":true,"localToRemoteUrlAccessEnabled":false,"userAgent":"Mozilla/5.0 (Windows NT 6.2; WOW64) AppleWebKit/538.1 (KHTML, like Gecko) PhantomJS/2.1.1 Safari/538.1","webSecurityEnabled":true}
[INFO  - 2016-10-16T15:36:04.478Z] Session [3fc64c30-93b6-11e6-89b4-092e151ccd93] - page.customHeaders:  - {}
[INFO  - 2016-10-16T15:36:04.479Z] Session [3fc64c30-93b6-11e6-89b4-092e151ccd93] - Session.negotiatedCapabilities - {"browserName":"phantomjs","version":"2.1.1","driverName":"ghostdriver","driverVersion":"1.2.0","platform":"windows-8.1-32bit","javascriptEnabled":true,"takesScreenshot":true,"handlesAlerts":false,"databaseEnabled":false,"locationContextEnabled":false,"applicationCacheEnabled":false,"browserConnectionEnabled":false,"cssSelectorsEnabled":true,"webStorageEnabled":false,"rotatable":false,"acceptSslCerts":false,"nativeEvents":true,"proxy":{"proxyType":"direct"}}
[INFO  - 2016-10-16T15:36:04.479Z] SessionManagerReqHand - _postNewSessionCommand - New Session Created: 3fc64c30-93b6-11e6-89b4-092e151ccd93
[INFO  - 2016-10-16T15:36:08.495Z] ShutdownReqHand - _handle - About to shutdown
[INFO  - 2016-10-16T15:47:14.502Z] GhostDriver - Main - running on port 2747
[INFO  - 2016-10-16T15:47:15.756Z] Session [cfe35820-93b7-11e6-9400-e93bf0d1f845] - page.settings - {"XSSAuditingEnabled":false,"javascriptCanCloseWindows":true,"javascriptCanOpenWindows":true,"javascriptEnabled":true,"loadImages":true,"localToRemoteUrlAccessEnabled":false,"userAgent":"Mozilla/5.0 (Windows NT 6.2; WOW64) AppleWebKit/538.1 (KHTML, like Gecko) PhantomJS/2.1.1 Safari/538.1","webSecurityEnabled":true}
[INFO  - 2016-10-16T15:47:15.756Z] Session [cfe35820-93b7-11e6-9400-e93bf0d1f845] - page.customHeaders:  - {}
[INFO  - 2016-10-16T15:47:15.756Z] Session [cfe35820-93b7-11e6-9400-e93bf0d1f845] - Session.negotiatedCapabilities - {"browserName":"phantomjs","version":"2.1.1","driverName":"ghostdriver","driverVersion":"1.2.0","platform":"windows-8.1-32bit","javascriptEnabled":true,"takesScreenshot":true,"handlesAlerts":false,"databaseEnabled":false,"locationContextEnabled":false,"applicationCacheEnabled":false,"browserConnectionEnabled":false,"cssSelectorsEnabled":true,"webStorageEnabled":false,"rotatable":false,"acceptSslCerts":false,"nativeEvents":true,"proxy":{"proxyType":"direct"}}
[INFO  - 2016-10-16T15:47:15.757Z] SessionManagerReqHand - _postNewSessionCommand - New Session Created: cfe35820-93b7-11e6-9400-e93bf0d1f845
[ERROR - 2016-10-16T15:47:19.772Z] WebElementLocator - _handleLocateCommand - Element(s) NOT Found: GAVE UP. Search Stop Time: 1476632839725
[INFO  - 2016-10-16T15:52:14.499Z] SessionManagerReqHand - _cleanupWindowlessSessions - Asynchronous Sessions clean-up phase starting NOW
[INFO  - 2016-10-16T15:57:14.513Z] SessionManagerReqHand - _cleanupWindowlessSessions - Asynchronous Sessions clean-up phase starting NOW
scriptEnabled":true,"loadImages":true,"localToRemoteUrlAccessEnabled":false,"userAgent":"Mozilla/5.0 (Windows NT 6.2; WOW64) AppleWebKit/538.1 (KHTML, like Gecko) PhantomJS/2.1.1 Safari/538.1","webSecurityEnabled":true}
[INFO  - 2016-10-16T15:47:22.812Z] Session [d4187650-93b7-11e6-b568-a1d04bc9e389] - page.customHeaders:  - {}
[INFO  - 2016-10-16T15:47:22.812Z] Session [d4187650-93b7-11e6-b568-a1d04bc9e389] - Session.negotiatedCapabilities - {"browserName":"phantomjs","version":"2.1.1","driverName":"ghostdriver","driverVersion":"1.2.0","platform":"windows-8.1-32bit","javascriptEnabled":true,"takesScreenshot":true,"handlesAlerts":false,"databaseEnabled":false,"locationContextEnabled":false,"applicationCacheEnabled":false,"browserConnectionEnabled":false,"cssSelectorsEnabled":true,"webStorageEnabled":false,"rotatable":false,"acceptSslCerts":false,"nativeEvents":true,"proxy":{"proxyType":"direct"}}
[INFO  - 2016-10-16T15:47:22.812Z] SessionManagerReqHand - _postNewSessionCommand - New Session Created: d4187650-93b7-11e6-b568-a1d04bc9e389
[INFO  - 2016-10-16T15:47:26.664Z] ShutdownReqHand - _handle - About to shutdown
[INFO  - 2016-10-16T15:56:11.770Z] GhostDriver - Main - running on port 36277
[INFO  - 2016-10-16T15:56:12.910Z] Session [100e8a40-93b9-11e6-bf2c-77a4d5d563dd] - page.settings - {"XSSAuditingEnabled":false,"javascriptCanCloseWindows":true,"javascriptCanOpenWindows":true,"javascriptEnabled":true,"loadImages":true,"localToRemoteUrlAccessEnabled":false,"userAgent":"Mozilla/5.0 (Windows NT 6.2; WOW64) AppleWebKit/538.1 (KHTML, like Gecko) PhantomJS/2.1.1 Safari/538.1","webSecurityEnabled":true}
[INFO  - 2016-10-16T15:56:12.910Z] Session [100e8a40-93b9-11e6-bf2c-77a4d5d563dd] - page.customHeaders:  - {}
[INFO  - 2016-10-16T15:56:12.911Z] Session [100e8a40-93b9-11e6-bf2c-77a4d5d563dd] - Session.negotiatedCapabilities - {"browserName":"phantomjs","version":"2.1.1","driverName":"ghostdriver","driverVersion":"1.2.0","platform":"windows-8.1-32bit","javascriptEnabled":true,"takesScreenshot":true,"handlesAlerts":false,"databaseEnabled":false,"locationContextEnabled":false,"applicationCacheEnabled":false,"browserConnectionEnabled":false,"cssSelectorsEnabled":true,"webStorageEnabled":false,"rotatable":false,"acceptSslCerts":false,"nativeEvents":true,"proxy":{"proxyType":"direct"}}
[INFO  - 2016-10-16T15:56:12.911Z] SessionManagerReqHand - _postNewSessionCommand - New Session Created: 100e8a40-93b9-11e6-bf2c-77a4d5d563dd
[ERROR - 2016-10-16T15:56:16.233Z] WebElementLocator - _handleLocateCommand - Element(s) NOT Found: GAVE UP. Search Stop Time: 1476633376199
[INFO  - 2016-10-16T16:01:11.780Z] SessionManagerReqHand - _cleanupWindowlessSessions - Asynchronous Sessions clean-up phase starting NOW
[INFO  - 2016-10-16T16:06:11.780Z] SessionManagerReqHand - _cleanupWindowlessSessions - Asynchronous Sessions clean-up phase starting NOW
[INFO  - 2016-10-16T16:11:11.780Z] SessionManagerReqHand - _cleanupWindowlessSessions - Asynchronous Sessions clean-up phase starting NOW
[INFO  - 2016-10-16T16:16:11.781Z] SessionManagerReqHand - _cleanupWindowlessSessions - Asynchronous Sessions clean-up phase starting NOW
[INFO  - 2016-10-16T16:21:11.781Z] SessionManagerReqHand - _cleanupWindowlessSessions - Asynchronous Sessions clean-up phase starting NOW
[INFO  - 2016-10-16T16:26:11.783Z] SessionManagerReqHand - _cleanupWindowlessSessions - Asynchronous Sessions clean-up phase starting NOW
[INFO  - 2016-10-16T16:31:11.784Z] SessionManagerReqHand - _cleanupWindowlessSessions - Asynchronous Sessions clean-up phase starting NOW
[INFO  - 2016-10-16T16:36:11.784Z] SessionManagerReqHand - _cleanupWindowlessSessions - Asynchronous Sessions clean-up phase starting NOW
[INFO  - 2016-10-16T16:41:11.794Z] SessionManagerReqHand - _cleanupWindowlessSessions - Asynchronous Sessions clean-up phase starting NOW
[INFO  - 2016-10-16T16:46:11.795Z] SessionManagerReqHand - _cleanupWindowlessSessions - Asynchronous Sessions clean-up phase starting NOW
[INFO  - 2016-10-16T16:51:11.799Z] SessionManagerReqHand - _cleanupWindowlessSessions - Asynchronous Sessions clean-up phase starting NOW
[INFO  - 2016-10-16T16:56:11.810Z] SessionManagerReqHand - _cleanupWindowlessSessions - Asynchronous Sessions clean-up phase starting NOW
[INFO  - 2016-10-16T17:01:11.809Z] SessionManagerReqHand - _cleanupWindowlessSessions - Asynchronous Sessions clean-up phase starting NOW
 NT 6.2; WOW64) AppleWebKit/538.1 (KHTML, like Gecko) PhantomJS/2.1.1 Safari/538.1","webSecurityEnabled":true}
[INFO  - 2016-10-16T16:05:19.079Z] Session [559929c0-93ba-11e6-a941-35b6f769d7c7] - page.customHeaders:  - {}
[INFO  - 2016-10-16T16:05:19.079Z] Session [559929c0-93ba-11e6-a941-35b6f769d7c7] - Session.negotiatedCapabilities - {"browserName":"phantomjs","version":"2.1.1","driverName":"ghostdriver","driverVersion":"1.2.0","platform":"windows-8.1-32bit","javascriptEnabled":true,"takesScreenshot":true,"handlesAlerts":false,"databaseEnabled":false,"locationContextEnabled":false,"applicationCacheEnabled":false,"browserConnectionEnabled":false,"cssSelectorsEnabled":true,"webStorageEnabled":false,"rotatable":false,"acceptSslCerts":false,"nativeEvents":true,"proxy":{"proxyType":"direct"}}
[INFO  - 2016-10-16T16:05:19.079Z] SessionManagerReqHand - _postNewSessionCommand - New Session Created: 559929c0-93ba-11e6-a941-35b6f769d7c7
[ERROR - 2016-10-16T16:05:24.296Z] WebElementLocator - _handleLocateCommand - Element(s) NOT Found: GAVE UP. Search Stop Time: 1476633924294
[INFO  - 2016-10-16T16:10:17.749Z] SessionManagerReqHand - _cleanupWindowlessSessions - Asynchronous Sessions clean-up phase starting NOW
[INFO  - 2016-10-16T16:15:17.764Z] SessionManagerReqHand - _cleanupWindowlessSessions - Asynchronous Sessions clean-up phase starting NOW
[INFO  - 2016-10-16T16:20:17.764Z] SessionManagerReqHand - _cleanupWindowlessSessions - Asynchronous Sessions clean-up phase starting NOW
[INFO  - 2016-10-16T16:25:17.768Z] SessionManagerReqHand - _cleanupWindowlessSessions - Asynchronous Sessions clean-up phase starting NOW
[INFO  - 2016-10-16T16:30:17.780Z] SessionManagerReqHand - _cleanupWindowlessSessions - Asynchronous Sessions clean-up phase starting NOW
[INFO  - 2016-10-16T16:35:17.780Z] SessionManagerReqHand - _cleanupWindowlessSessions - Asynchronous Sessions clean-up phase starting NOW
[INFO  - 2016-10-16T16:40:17.780Z] SessionManagerReqHand - _cleanupWindowlessSessions - Asynchronous Sessions clean-up phase starting NOW
[INFO  - 2016-10-16T16:45:17.782Z] SessionManagerReqHand - _cleanupWindowlessSessions - Asynchronous Sessions clean-up phase starting NOW
[INFO  - 2016-10-16T16:50:17.782Z] SessionManagerReqHand - _cleanupWindowlessSessions - Asynchronous Sessions clean-up phase starting NOW
[INFO  - 2016-10-16T16:55:17.782Z] SessionManagerReqHand - _cleanupWindowlessSessions - Asynchronous Sessions clean-up phase starting NOW
[INFO  - 2016-10-16T17:00:17.794Z] SessionManagerReqHand - _cleanupWindowlessSessions - Asynchronous Sessions clean-up phase starting NOW
[INFO  - 2016-10-16T17:05:17.797Z] SessionManagerReqHand - _cleanupWindowlessSessions - Asynchronous Sessions clean-up phase starting NOW
iptCanOpenWindows":true,"javascriptEnabled":true,"loadImages":true,"localToRemoteUrlAccessEnabled":false,"userAgent":"Mozilla/5.0 (Windows NT 6.2; WOW64) AppleWebKit/538.1 (KHTML, like Gecko) PhantomJS/2.1.1 Safari/538.1","webSecurityEnabled":true}
[INFO  - 2016-10-16T16:13:40.363Z] Session [80637d30-93bb-11e6-bdec-0583d1a18843] - page.customHeaders:  - {}
[INFO  - 2016-10-16T16:13:40.363Z] Session [80637d30-93bb-11e6-bdec-0583d1a18843] - Session.negotiatedCapabilities - {"browserName":"phantomjs","version":"2.1.1","driverName":"ghostdriver","driverVersion":"1.2.0","platform":"windows-8.1-32bit","javascriptEnabled":true,"takesScreenshot":true,"handlesAlerts":false,"databaseEnabled":false,"locationContextEnabled":false,"applicationCacheEnabled":false,"browserConnectionEnabled":false,"cssSelectorsEnabled":true,"webStorageEnabled":false,"rotatable":false,"acceptSslCerts":false,"nativeEvents":true,"proxy":{"proxyType":"direct"}}
[INFO  - 2016-10-16T16:13:40.363Z] SessionManagerReqHand - _postNewSessionCommand - New Session Created: 80637d30-93bb-11e6-bdec-0583d1a18843
[INFO  - 2016-10-16T16:13:47.194Z] ShutdownReqHand - _handle - About to shutdown
[INFO  - 2016-10-16T16:13:49.907Z] GhostDriver - Main - running on port 42522
[INFO  - 2016-10-16T16:13:50.296Z] Session [864f4c10-93bb-11e6-84a2-b70812736871] - page.settings - {"XSSAuditingEnabled":false,"javascriptCanCloseWindows":true,"javascriptCanOpenWindows":true,"javascriptEnabled":true,"loadImages":true,"localToRemoteUrlAccessEnabled":false,"userAgent":"Mozilla/5.0 (Windows NT 6.2; WOW64) AppleWebKit/538.1 (KHTML, like Gecko) PhantomJS/2.1.1 Safari/538.1","webSecurityEnabled":true}
[INFO  - 2016-10-16T16:13:50.296Z] Session [864f4c10-93bb-11e6-84a2-b70812736871] - page.customHeaders:  - {}
[INFO  - 2016-10-16T16:13:50.296Z] Session [864f4c10-93bb-11e6-84a2-b70812736871] - Session.negotiatedCapabilities - {"browserName":"phantomjs","version":"2.1.1","driverName":"ghostdriver","driverVersion":"1.2.0","platform":"windows-8.1-32bit","javascriptEnabled":true,"takesScreenshot":true,"handlesAlerts":false,"databaseEnabled":false,"locationContextEnabled":false,"applicationCacheEnabled":false,"browserConnectionEnabled":false,"cssSelectorsEnabled":true,"webStorageEnabled":false,"rotatable":false,"acceptSslCerts":false,"nativeEvents":true,"proxy":{"proxyType":"direct"}}
[INFO  - 2016-10-16T16:13:50.297Z] SessionManagerReqHand - _postNewSessionCommand - New Session Created: 864f4c10-93bb-11e6-84a2-b70812736871
[INFO  - 2016-10-16T16:13:55.724Z] ShutdownReqHand - _handle - About to shutdown
[INFO  - 2016-10-16T16:15:17.236Z] GhostDriver - Main - running on port 36989
[INFO  - 2016-10-16T16:15:18.383Z] Session [bad00060-93bb-11e6-b494-2fba4f40f516] - page.settings - {"XSSAuditingEnabled":false,"javascriptCanCloseWindows":true,"javascriptCanOpenWindows":true,"javascriptEnabled":true,"loadImages":true,"localToRemoteUrlAccessEnabled":false,"userAgent":"Mozilla/5.0 (Windows NT 6.2; WOW64) AppleWebKit/538.1 (KHTML, like Gecko) PhantomJS/2.1.1 Safari/538.1","webSecurityEnabled":true}
[INFO  - 2016-10-16T16:15:18.383Z] Session [bad00060-93bb-11e6-b494-2fba4f40f516] - page.customHeaders:  - {}
[INFO  - 2016-10-16T16:15:18.383Z] Session [bad00060-93bb-11e6-b494-2fba4f40f516] - Session.negotiatedCapabilities - {"browserName":"phantomjs","version":"2.1.1","driverName":"ghostdriver","driverVersion":"1.2.0","platform":"windows-8.1-32bit","javascriptEnabled":true,"takesScreenshot":true,"handlesAlerts":false,"databaseEnabled":false,"locationContextEnabled":false,"applicationCacheEnabled":false,"browserConnectionEnabled":false,"cssSelectorsEnabled":true,"webStorageEnabled":false,"rotatable":false,"acceptSslCerts":false,"nativeEvents":true,"proxy":{"proxyType":"direct"}}
[INFO  - 2016-10-16T16:15:18.383Z] SessionManagerReqHand - _postNewSessionCommand - New Session Created: bad00060-93bb-11e6-b494-2fba4f40f516
[INFO  - 2016-10-16T16:15:21.704Z] ShutdownReqHand - _handle - About to shutdown
[INFO  - 2016-10-16T16:15:24.384Z] GhostDriver - Main - running on port 11900
[INFO  - 2016-10-16T16:15:24.807Z] Session [bea48800-93bb-11e6-a9bf-592e42227996] - page.settings - {"XSSAuditingEnabled":false,"javascriptCanCloseWindows":true,"javascriptCanOpenWindows":true,"javascriptEnabled":true,"loadImages":true,"localToRemoteUrlAccessEnabled":false,"userAgent":"Mozilla/5.0 (Windows NT 6.2; WOW64) AppleWebKit/538.1 (KHTML, like Gecko) PhantomJS/2.1.1 Safari/538.1","webSecurityEnabled":true}
[INFO  - 2016-10-16T16:15:24.808Z] Session [bea48800-93bb-11e6-a9bf-592e42227996] - page.customHeaders:  - {}
[INFO  - 2016-10-16T16:15:24.808Z] Session [bea48800-93bb-11e6-a9bf-592e42227996] - Session.negotiatedCapabilities - {"browserName":"phantomjs","version":"2.1.1","driverName":"ghostdriver","driverVersion":"1.2.0","platform":"windows-8.1-32bit","javascriptEnabled":true,"takesScreenshot":true,"handlesAlerts":false,"databaseEnabled":false,"locationContextEnabled":false,"applicationCacheEnabled":false,"browserConnectionEnabled":false,"cssSelectorsEnabled":true,"webStorageEnabled":false,"rotatable":false,"acceptSslCerts":false,"nativeEvents":true,"proxy":{"proxyType":"direct"}}
[INFO  - 2016-10-16T16:15:24.808Z] SessionManagerReqHand - _postNewSessionCommand - New Session Created: bea48800-93bb-11e6-a9bf-592e42227996
[INFO  - 2016-10-16T16:15:30.102Z] ShutdownReqHand - _handle - About to shutdown
[INFO  - 2016-10-16T16:27:42.678Z] GhostDriver - Main - running on port 3805
[INFO  - 2016-10-16T16:27:43.846Z] Session [7724eef0-93bd-11e6-8349-7db76429134c] - page.settings - {"XSSAuditingEnabled":false,"javascriptCanCloseWindows":true,"javascriptCanOpenWindows":true,"javascriptEnabled":true,"loadImages":true,"localToRemoteUrlAccessEnabled":false,"userAgent":"Mozilla/5.0 (Windows NT 6.2; WOW64) AppleWebKit/538.1 (KHTML, like Gecko) PhantomJS/2.1.1 Safari/538.1","webSecurityEnabled":true}
[INFO  - 2016-10-16T16:27:43.846Z] Session [7724eef0-93bd-11e6-8349-7db76429134c] - page.customHeaders:  - {}
[INFO  - 2016-10-16T16:27:43.846Z] Session [7724eef0-93bd-11e6-8349-7db76429134c] - Session.negotiatedCapabilities - {"browserName":"phantomjs","version":"2.1.1","driverName":"ghostdriver","driverVersion":"1.2.0","platform":"windows-8.1-32bit","javascriptEnabled":true,"takesScreenshot":true,"handlesAlerts":false,"databaseEnabled":false,"locationContextEnabled":false,"applicationCacheEnabled":false,"browserConnectionEnabled":false,"cssSelectorsEnabled":true,"webStorageEnabled":false,"rotatable":false,"acceptSslCerts":false,"nativeEvents":true,"proxy":{"proxyType":"direct"}}
[INFO  - 2016-10-16T16:27:43.846Z] SessionManagerReqHand - _postNewSessionCommand - New Session Created: 7724eef0-93bd-11e6-8349-7db76429134c
[INFO  - 2016-10-16T16:27:47.755Z] ShutdownReqHand - _handle - About to shutdown
[INFO  - 2016-10-16T16:27:50.441Z] GhostDriver - Main - running on port 35198
[INFO  - 2016-10-16T16:27:50.863Z] Session [7b535660-93bd-11e6-8d10-790c4942eeb2] - page.settings - {"XSSAuditingEnabled":false,"javascriptCanCloseWindows":true,"javascriptCanOpenWindows":true,"javascriptEnabled":true,"loadImages":true,"localToRemoteUrlAccessEnabled":false,"userAgent":"Mozilla/5.0 (Windows NT 6.2; WOW64) AppleWebKit/538.1 (KHTML, like Gecko) PhantomJS/2.1.1 Safari/538.1","webSecurityEnabled":true}
[INFO  - 2016-10-16T16:27:50.863Z] Session [7b535660-93bd-11e6-8d10-790c4942eeb2] - page.customHeaders:  - {}
[INFO  - 2016-10-16T16:27:50.863Z] Session [7b535660-93bd-11e6-8d10-790c4942eeb2] - Session.negotiatedCapabilities - {"browserName":"phantomjs","version":"2.1.1","driverName":"ghostdriver","driverVersion":"1.2.0","platform":"windows-8.1-32bit","javascriptEnabled":true,"takesScreenshot":true,"handlesAlerts":false,"databaseEnabled":false,"locationContextEnabled":false,"applicationCacheEnabled":false,"browserConnectionEnabled":false,"cssSelectorsEnabled":true,"webStorageEnabled":false,"rotatable":false,"acceptSslCerts":false,"nativeEvents":true,"proxy":{"proxyType":"direct"}}
[INFO  - 2016-10-16T16:27:50.863Z] SessionManagerReqHand - _postNewSessionCommand - New Session Created: 7b535660-93bd-11e6-8d10-790c4942eeb2
[INFO  - 2016-10-16T16:27:55.727Z] ShutdownReqHand - _handle - About to shutdown
[INFO  - 2016-10-16T16:44:46.685Z] GhostDriver - Main - running on port 48372
[INFO  - 2016-10-16T16:44:47.807Z] Session [d978ad60-93bf-11e6-a90b-49c7a5316ee4] - page.settings - {"XSSAuditingEnabled":false,"javascriptCanCloseWindows":true,"javascriptCanOpenWindows":true,"javascriptEnabled":true,"loadImages":true,"localToRemoteUrlAccessEnabled":false,"userAgent":"Mozilla/5.0 (Windows NT 6.2; WOW64) AppleWebKit/538.1 (KHTML, like Gecko) PhantomJS/2.1.1 Safari/538.1","webSecurityEnabled":true}
[INFO  - 2016-10-16T16:44:47.807Z] Session [d978ad60-93bf-11e6-a90b-49c7a5316ee4] - page.customHeaders:  - {}
[INFO  - 2016-10-16T16:44:47.807Z] Session [d978ad60-93bf-11e6-a90b-49c7a5316ee4] - Session.negotiatedCapabilities - {"browserName":"phantomjs","version":"2.1.1","driverName":"ghostdriver","driverVersion":"1.2.0","platform":"windows-8.1-32bit","javascriptEnabled":true,"takesScreenshot":true,"handlesAlerts":false,"databaseEnabled":false,"locationContextEnabled":false,"applicationCacheEnabled":false,"browserConnectionEnabled":false,"cssSelectorsEnabled":true,"webStorageEnabled":false,"rotatable":false,"acceptSslCerts":false,"nativeEvents":true,"proxy":{"proxyType":"direct"}}
[INFO  - 2016-10-16T16:44:47.808Z] SessionManagerReqHand - _postNewSessionCommand - New Session Created: d978ad60-93bf-11e6-a90b-49c7a5316ee4
[INFO  - 2016-10-16T16:44:52.062Z] ShutdownReqHand - _handle - About to shutdown
[INFO  - 2016-10-16T16:44:54.709Z] GhostDriver - Main - running on port 19206
[INFO  - 2016-10-16T16:44:55.159Z] Session [dddaf610-93bf-11e6-8e32-2796406375c7] - page.settings - {"XSSAuditingEnabled":false,"javascriptCanCloseWindows":true,"javascriptCanOpenWindows":true,"javascriptEnabled":true,"loadImages":true,"localToRemoteUrlAccessEnabled":false,"userAgent":"Mozilla/5.0 (Windows NT 6.2; WOW64) AppleWebKit/538.1 (KHTML, like Gecko) PhantomJS/2.1.1 Safari/538.1","webSecurityEnabled":true}
[INFO  - 2016-10-16T16:44:55.160Z] Session [dddaf610-93bf-11e6-8e32-2796406375c7] - page.customHeaders:  - {}
[INFO  - 2016-10-16T16:44:55.160Z] Session [dddaf610-93bf-11e6-8e32-2796406375c7] - Session.negotiatedCapabilities - {"browserName":"phantomjs","version":"2.1.1","driverName":"ghostdriver","driverVersion":"1.2.0","platform":"windows-8.1-32bit","javascriptEnabled":true,"takesScreenshot":true,"handlesAlerts":false,"databaseEnabled":false,"locationContextEnabled":false,"applicationCacheEnabled":false,"browserConnectionEnabled":false,"cssSelectorsEnabled":true,"webStorageEnabled":false,"rotatable":false,"acceptSslCerts":false,"nativeEvents":true,"proxy":{"proxyType":"direct"}}
[INFO  - 2016-10-16T16:44:55.160Z] SessionManagerReqHand - _postNewSessionCommand - New Session Created: dddaf610-93bf-11e6-8e32-2796406375c7
[INFO  - 2016-10-16T16:44:59.927Z] ShutdownReqHand - _handle - About to shutdown
[INFO  - 2016-10-16T16:45:02.452Z] GhostDriver - Main - running on port 23990
[INFO  - 2016-10-16T16:45:03.009Z] Session [e28914d0-93bf-11e6-8ec1-475025024ff6] - page.settings - {"XSSAuditingEnabled":false,"javascriptCanCloseWindows":true,"javascriptCanOpenWindows":true,"javascriptEnabled":true,"loadImages":true,"localToRemoteUrlAccessEnabled":false,"userAgent":"Mozilla/5.0 (Windows NT 6.2; WOW64) AppleWebKit/538.1 (KHTML, like Gecko) PhantomJS/2.1.1 Safari/538.1","webSecurityEnabled":true}
[INFO  - 2016-10-16T16:45:03.010Z] Session [e28914d0-93bf-11e6-8ec1-475025024ff6] - page.customHeaders:  - {}
[INFO  - 2016-10-16T16:45:03.010Z] Session [e28914d0-93bf-11e6-8ec1-475025024ff6] - Session.negotiatedCapabilities - {"browserName":"phantomjs","version":"2.1.1","driverName":"ghostdriver","driverVersion":"1.2.0","platform":"windows-8.1-32bit","javascriptEnabled":true,"takesScreenshot":true,"handlesAlerts":false,"databaseEnabled":false,"locationContextEnabled":false,"applicationCacheEnabled":false,"browserConnectionEnabled":false,"cssSelectorsEnabled":true,"webStorageEnabled":false,"rotatable":false,"acceptSslCerts":false,"nativeEvents":true,"proxy":{"proxyType":"direct"}}
[INFO  - 2016-10-16T16:45:03.010Z] SessionManagerReqHand - _postNewSessionCommand - New Session Created: e28914d0-93bf-11e6-8ec1-475025024ff6
[INFO  - 2016-10-16T16:45:05.879Z] ShutdownReqHand - _handle - About to shutdown
[INFO  - 2016-10-16T16:45:08.399Z] GhostDriver - Main - running on port 37004
[INFO  - 2016-10-16T16:45:08.959Z] Session [e614d3a0-93bf-11e6-aec9-85eb7f70dc0e] - page.settings - {"XSSAuditingEnabled":false,"javascriptCanCloseWindows":true,"javascriptCanOpenWindows":true,"javascriptEnabled":true,"loadImages":true,"localToRemoteUrlAccessEnabled":false,"userAgent":"Mozilla/5.0 (Windows NT 6.2; WOW64) AppleWebKit/538.1 (KHTML, like Gecko) PhantomJS/2.1.1 Safari/538.1","webSecurityEnabled":true}
[INFO  - 2016-10-16T16:45:08.959Z] Session [e614d3a0-93bf-11e6-aec9-85eb7f70dc0e] - page.customHeaders:  - {}
[INFO  - 2016-10-16T16:45:08.959Z] Session [e614d3a0-93bf-11e6-aec9-85eb7f70dc0e] - Session.negotiatedCapabilities - {"browserName":"phantomjs","version":"2.1.1","driverName":"ghostdriver","driverVersion":"1.2.0","platform":"windows-8.1-32bit","javascriptEnabled":true,"takesScreenshot":true,"handlesAlerts":false,"databaseEnabled":false,"locationContextEnabled":false,"applicationCacheEnabled":false,"browserConnectionEnabled":false,"cssSelectorsEnabled":true,"webStorageEnabled":false,"rotatable":false,"acceptSslCerts":false,"nativeEvents":true,"proxy":{"proxyType":"direct"}}
[INFO  - 2016-10-16T16:45:08.959Z] SessionManagerReqHand - _postNewSessionCommand - New Session Created: e614d3a0-93bf-11e6-aec9-85eb7f70dc0e
[INFO  - 2016-10-16T16:45:15.213Z] ShutdownReqHand - _handle - About to shutdown
[INFO  - 2016-10-16T17:00:49.005Z] GhostDriver - Main - running on port 45141
[INFO  - 2016-10-16T17:00:49.977Z] Session [16f82b00-93c2-11e6-bfa5-6f4c17c3f357] - page.settings - {"XSSAuditingEnabled":false,"javascriptCanCloseWindows":true,"javascriptCanOpenWindows":true,"javascriptEnabled":true,"loadImages":true,"localToRemoteUrlAccessEnabled":false,"userAgent":"Mozilla/5.0 (Windows NT 6.2; WOW64) AppleWebKit/538.1 (KHTML, like Gecko) PhantomJS/2.1.1 Safari/538.1","webSecurityEnabled":true}
[INFO  - 2016-10-16T17:00:49.977Z] Session [16f82b00-93c2-11e6-bfa5-6f4c17c3f357] - page.customHeaders:  - {}
[INFO  - 2016-10-16T17:00:49.977Z] Session [16f82b00-93c2-11e6-bfa5-6f4c17c3f357] - Session.negotiatedCapabilities - {"browserName":"phantomjs","version":"2.1.1","driverName":"ghostdriver","driverVersion":"1.2.0","platform":"windows-8.1-32bit","javascriptEnabled":true,"takesScreenshot":true,"handlesAlerts":false,"databaseEnabled":false,"locationContextEnabled":false,"applicationCacheEnabled":false,"browserConnectionEnabled":false,"cssSelectorsEnabled":true,"webStorageEnabled":false,"rotatable":false,"acceptSslCerts":false,"nativeEvents":true,"proxy":{"proxyType":"direct"}}
[INFO  - 2016-10-16T17:00:49.977Z] SessionManagerReqHand - _postNewSessionCommand - New Session Created: 16f82b00-93c2-11e6-bfa5-6f4c17c3f357
[INFO  - 2016-10-16T17:00:56.524Z] ShutdownReqHand - _handle - About to shutdown
[INFO  - 2016-10-16T17:00:59.025Z] GhostDriver - Main - running on port 26531
[INFO  - 2016-10-16T17:00:59.610Z] Session [1cb6a850-93c2-11e6-bc4a-2bbf1afcb899] - page.settings - {"XSSAuditingEnabled":false,"javascriptCanCloseWindows":true,"javascriptCanOpenWindows":true,"javascriptEnabled":true,"loadImages":true,"localToRemoteUrlAccessEnabled":false,"userAgent":"Mozilla/5.0 (Windows NT 6.2; WOW64) AppleWebKit/538.1 (KHTML, like Gecko) PhantomJS/2.1.1 Safari/538.1","webSecurityEnabled":true}
[INFO  - 2016-10-16T17:00:59.611Z] Session [1cb6a850-93c2-11e6-bc4a-2bbf1afcb899] - page.customHeaders:  - {}
[INFO  - 2016-10-16T17:00:59.611Z] Session [1cb6a850-93c2-11e6-bc4a-2bbf1afcb899] - Session.negotiatedCapabilities - {"browserName":"phantomjs","version":"2.1.1","driverName":"ghostdriver","driverVersion":"1.2.0","platform":"windows-8.1-32bit","javascriptEnabled":true,"takesScreenshot":true,"handlesAlerts":false,"databaseEnabled":false,"locationContextEnabled":false,"applicationCacheEnabled":false,"browserConnectionEnabled":false,"cssSelectorsEnabled":true,"webStorageEnabled":false,"rotatable":false,"acceptSslCerts":false,"nativeEvents":true,"proxy":{"proxyType":"direct"}}
[INFO  - 2016-10-16T17:00:59.611Z] SessionManagerReqHand - _postNewSessionCommand - New Session Created: 1cb6a850-93c2-11e6-bc4a-2bbf1afcb899
[INFO  - 2016-10-16T17:01:05.652Z] ShutdownReqHand - _handle - About to shutdown
[INFO  - 2016-10-16T17:01:07.719Z] GhostDriver - Main - running on port 45668
[INFO  - 2016-10-16T17:01:08.260Z] Session [21de8af0-93c2-11e6-8020-0fe60b7515a1] - page.settings - {"XSSAuditingEnabled":false,"javascriptCanCloseWindows":true,"javascriptCanOpenWindows":true,"javascriptEnabled":true,"loadImages":true,"localToRemoteUrlAccessEnabled":false,"userAgent":"Mozilla/5.0 (Windows NT 6.2; WOW64) AppleWebKit/538.1 (KHTML, like Gecko) PhantomJS/2.1.1 Safari/538.1","webSecurityEnabled":true}
[INFO  - 2016-10-16T17:01:08.260Z] Session [21de8af0-93c2-11e6-8020-0fe60b7515a1] - page.customHeaders:  - {}
[INFO  - 2016-10-16T17:01:08.260Z] Session [21de8af0-93c2-11e6-8020-0fe60b7515a1] - Session.negotiatedCapabilities - {"browserName":"phantomjs","version":"2.1.1","driverName":"ghostdriver","driverVersion":"1.2.0","platform":"windows-8.1-32bit","javascriptEnabled":true,"takesScreenshot":true,"handlesAlerts":false,"databaseEnabled":false,"locationContextEnabled":false,"applicationCacheEnabled":false,"browserConnectionEnabled":false,"cssSelectorsEnabled":true,"webStorageEnabled":false,"rotatable":false,"acceptSslCerts":false,"nativeEvents":true,"proxy":{"proxyType":"direct"}}
[INFO  - 2016-10-16T17:01:08.261Z] SessionManagerReqHand - _postNewSessionCommand - New Session Created: 21de8af0-93c2-11e6-8020-0fe60b7515a1
[INFO  - 2016-10-16T17:04:30.990Z] GhostDriver - Main - running on port 30468
[INFO  - 2016-10-16T17:04:32.251Z] Session [9b74f250-93c2-11e6-9de5-8f61026a86bd] - page.settings - {"XSSAuditingEnabled":false,"javascriptCanCloseWindows":true,"javascriptCanOpenWindows":true,"javascriptEnabled":true,"loadImages":true,"localToRemoteUrlAccessEnabled":false,"userAgent":"Mozilla/5.0 (Windows NT 6.2; WOW64) AppleWebKit/538.1 (KHTML, like Gecko) PhantomJS/2.1.1 Safari/538.1","webSecurityEnabled":true}
[INFO  - 2016-10-16T17:04:32.251Z] Session [9b74f250-93c2-11e6-9de5-8f61026a86bd] - page.customHeaders:  - {}
[INFO  - 2016-10-16T17:04:32.251Z] Session [9b74f250-93c2-11e6-9de5-8f61026a86bd] - Session.negotiatedCapabilities - {"browserName":"phantomjs","version":"2.1.1","driverName":"ghostdriver","driverVersion":"1.2.0","platform":"windows-8.1-32bit","javascriptEnabled":true,"takesScreenshot":true,"handlesAlerts":false,"databaseEnabled":false,"locationContextEnabled":false,"applicationCacheEnabled":false,"browserConnectionEnabled":false,"cssSelectorsEnabled":true,"webStorageEnabled":false,"rotatable":false,"acceptSslCerts":false,"nativeEvents":true,"proxy":{"proxyType":"direct"}}
[INFO  - 2016-10-16T17:04:32.251Z] SessionManagerReqHand - _postNewSessionCommand - New Session Created: 9b74f250-93c2-11e6-9de5-8f61026a86bd
[INFO  - 2016-10-16T17:04:47.878Z] ShutdownReqHand - _handle - About to shutdown
[INFO  - 2016-10-16T17:04:50.859Z] GhostDriver - Main - running on port 46661
[INFO  - 2016-10-16T17:04:50.978Z] Session [a69e4eb0-93c2-11e6-ac85-af51f6037a4c] - page.settings - {"XSSAuditingEnabled":false,"javascriptCanCloseWindows":true,"javascriptCanOpenWindows":true,"javascriptEnabled":true,"loadImages":true,"localToRemoteUrlAccessEnabled":false,"userAgent":"Mozilla/5.0 (Windows NT 6.2; WOW64) AppleWebKit/538.1 (KHTML, like Gecko) PhantomJS/2.1.1 Safari/538.1","webSecurityEnabled":true}
[INFO  - 2016-10-16T17:04:50.978Z] Session [a69e4eb0-93c2-11e6-ac85-af51f6037a4c] - page.customHeaders:  - {}
[INFO  - 2016-10-16T17:04:50.979Z] Session [a69e4eb0-93c2-11e6-ac85-af51f6037a4c] - Session.negotiatedCapabilities - {"browserName":"phantomjs","version":"2.1.1","driverName":"ghostdriver","driverVersion":"1.2.0","platform":"windows-8.1-32bit","javascriptEnabled":true,"takesScreenshot":true,"handlesAlerts":false,"databaseEnabled":false,"locationContextEnabled":false,"applicationCacheEnabled":false,"browserConnectionEnabled":false,"cssSelectorsEnabled":true,"webStorageEnabled":false,"rotatable":false,"acceptSslCerts":false,"nativeEvents":true,"proxy":{"proxyType":"direct"}}
[INFO  - 2016-10-16T17:04:50.979Z] SessionManagerReqHand - _postNewSessionCommand - New Session Created: a69e4eb0-93c2-11e6-ac85-af51f6037a4c
[INFO  - 2016-10-16T17:04:57.508Z] ShutdownReqHand - _handle - About to shutdown
[INFO  - 2016-10-16T17:05:00.175Z] GhostDriver - Main - running on port 11920
[INFO  - 2016-10-16T17:05:00.619Z] Session [ac5d6840-93c2-11e6-b998-47ec66da6f15] - page.settings - {"XSSAuditingEnabled":false,"javascriptCanCloseWindows":true,"javascriptCanOpenWindows":true,"javascriptEnabled":true,"loadImages":true,"localToRemoteUrlAccessEnabled":false,"userAgent":"Mozilla/5.0 (Windows NT 6.2; WOW64) AppleWebKit/538.1 (KHTML, like Gecko) PhantomJS/2.1.1 Safari/538.1","webSecurityEnabled":true}
[INFO  - 2016-10-16T17:05:00.620Z] Session [ac5d6840-93c2-11e6-b998-47ec66da6f15] - page.customHeaders:  - {}
[INFO  - 2016-10-16T17:05:00.620Z] Session [ac5d6840-93c2-11e6-b998-47ec66da6f15] - Session.negotiatedCapabilities - {"browserName":"phantomjs","version":"2.1.1","driverName":"ghostdriver","driverVersion":"1.2.0","platform":"windows-8.1-32bit","javascriptEnabled":true,"takesScreenshot":true,"handlesAlerts":false,"databaseEnabled":false,"locationContextEnabled":false,"applicationCacheEnabled":false,"browserConnectionEnabled":false,"cssSelectorsEnabled":true,"webStorageEnabled":false,"rotatable":false,"acceptSslCerts":false,"nativeEvents":true,"proxy":{"proxyType":"direct"}}
[INFO  - 2016-10-16T17:05:00.620Z] SessionManagerReqHand - _postNewSessionCommand - New Session Created: ac5d6840-93c2-11e6-b998-47ec66da6f15
