[INFO  - 2016-05-13T00:27:57.613Z] GhostDriver - Main - running on port 36214
[INFO  - 2016-05-13T00:27:58.242Z] Session [8b0264d0-18a1-11e6-8834-affa83bf938b] - page.settings - {"XSSAuditingEnabled":false,"javascriptCanCloseWindows":true,"javascriptCanOpenWindows":true,"javascriptEnabled":true,"loadImages":true,"localToRemoteUrlAccessEnabled":true,"userAgent":"Mozilla/5.0 (Windows NT 6.2; WOW64) AppleWebKit/538.1 (KHTML, like Gecko) PhantomJS/2.1.1 Safari/538.1","webSecurityEnabled":false}
[INFO  - 2016-05-13T00:27:58.242Z] Session [8b0264d0-18a1-11e6-8834-affa83bf938b] - page.customHeaders:  - {}
[INFO  - 2016-05-13T00:27:58.242Z] Session [8b0264d0-18a1-11e6-8834-affa83bf938b] - Session.negotiatedCapabilities - {"browserName":"phantomjs","version":"2.1.1","driverName":"ghostdriver","driverVersion":"1.2.0","platform":"windows-8.1-32bit","javascriptEnabled":true,"takesScreenshot":true,"handlesAlerts":false,"databaseEnabled":false,"locationContextEnabled":false,"applicationCacheEnabled":false,"browserConnectionEnabled":false,"cssSelectorsEnabled":true,"webStorageEnabled":false,"rotatable":false,"acceptSslCerts":false,"nativeEvents":true,"proxy":{"proxyType":"direct"}}
[INFO  - 2016-05-13T00:27:58.243Z] SessionManagerReqHand - _postNewSessionCommand - New Session Created: 8b0264d0-18a1-11e6-8834-affa83bf938b
[INFO  - 2016-05-13T00:29:15.324Z] ShutdownReqHand - _handle - About to shutdown
[INFO  - 2016-05-13T01:10:27.159Z] GhostDriver - Main - running on port 2411
[INFO  - 2016-05-13T01:10:27.932Z] Session [7abe3670-18a7-11e6-b91a-43e00ee0a310] - page.settings - {"XSSAuditingEnabled":false,"javascriptCanCloseWindows":true,"javascriptCanOpenWindows":true,"javascriptEnabled":true,"loadImages":true,"localToRemoteUrlAccessEnabled":true,"userAgent":"Mozilla/5.0 (Windows NT 6.2; WOW64) AppleWebKit/538.1 (KHTML, like Gecko) PhantomJS/2.1.1 Safari/538.1","webSecurityEnabled":false}
[INFO  - 2016-05-13T01:10:27.932Z] Session [7abe3670-18a7-11e6-b91a-43e00ee0a310] - page.customHeaders:  - {}
[INFO  - 2016-05-13T01:10:27.932Z] Session [7abe3670-18a7-11e6-b91a-43e00ee0a310] - Session.negotiatedCapabilities - {"browserName":"phantomjs","version":"2.1.1","driverName":"ghostdriver","driverVersion":"1.2.0","platform":"windows-8.1-32bit","javascriptEnabled":true,"takesScreenshot":true,"handlesAlerts":false,"databaseEnabled":false,"locationContextEnabled":false,"applicationCacheEnabled":false,"browserConnectionEnabled":false,"cssSelectorsEnabled":true,"webStorageEnabled":false,"rotatable":false,"acceptSslCerts":false,"nativeEvents":true,"proxy":{"proxyType":"direct"}}
[INFO  - 2016-05-13T01:10:27.932Z] SessionManagerReqHand - _postNewSessionCommand - New Session Created: 7abe3670-18a7-11e6-b91a-43e00ee0a310
[INFO  - 2016-05-13T01:10:33.072Z] ShutdownReqHand - _handle - About to shutdown
[INFO  - 2016-05-13T01:12:51.547Z] GhostDriver - Main - running on port 4783
[INFO  - 2016-05-13T01:12:52.287Z] Session [d0c909a0-18a7-11e6-8f93-e597423b01cc] - page.settings - {"XSSAuditingEnabled":false,"javascriptCanCloseWindows":true,"javascriptCanOpenWindows":true,"javascriptEnabled":true,"loadImages":true,"localToRemoteUrlAccessEnabled":true,"userAgent":"Mozilla/5.0 (Windows NT 6.2; WOW64) AppleWebKit/538.1 (KHTML, like Gecko) PhantomJS/2.1.1 Safari/538.1","webSecurityEnabled":false}
[INFO  - 2016-05-13T01:12:52.287Z] Session [d0c909a0-18a7-11e6-8f93-e597423b01cc] - page.customHeaders:  - {}
[INFO  - 2016-05-13T01:12:52.288Z] Session [d0c909a0-18a7-11e6-8f93-e597423b01cc] - Session.negotiatedCapabilities - {"browserName":"phantomjs","version":"2.1.1","driverName":"ghostdriver","driverVersion":"1.2.0","platform":"windows-8.1-32bit","javascriptEnabled":true,"takesScreenshot":true,"handlesAlerts":false,"databaseEnabled":false,"locationContextEnabled":false,"applicationCacheEnabled":false,"browserConnectionEnabled":false,"cssSelectorsEnabled":true,"webStorageEnabled":false,"rotatable":false,"acceptSslCerts":false,"nativeEvents":true,"proxy":{"proxyType":"direct"}}
[INFO  - 2016-05-13T01:12:52.288Z] SessionManagerReqHand - _postNewSessionCommand - New Session Created: d0c909a0-18a7-11e6-8f93-e597423b01cc
[INFO  - 2016-05-13T01:12:57.379Z] ShutdownReqHand - _handle - About to shutdown
[INFO  - 2016-05-13T01:16:25.016Z] GhostDriver - Main - running on port 27044
[INFO  - 2016-05-13T01:16:25.765Z] Session [50073200-18a8-11e6-8b37-dbc553cbb877] - page.settings - {"XSSAuditingEnabled":false,"javascriptCanCloseWindows":true,"javascriptCanOpenWindows":true,"javascriptEnabled":true,"loadImages":true,"localToRemoteUrlAccessEnabled":true,"userAgent":"Mozilla/5.0 (Windows NT 6.2; WOW64) AppleWebKit/538.1 (KHTML, like Gecko) PhantomJS/2.1.1 Safari/538.1","webSecurityEnabled":false}
[INFO  - 2016-05-13T01:16:25.765Z] Session [50073200-18a8-11e6-8b37-dbc553cbb877] - page.customHeaders:  - {}
[INFO  - 2016-05-13T01:16:25.765Z] Session [50073200-18a8-11e6-8b37-dbc553cbb877] - Session.negotiatedCapabilities - {"browserName":"phantomjs","version":"2.1.1","driverName":"ghostdriver","driverVersion":"1.2.0","platform":"windows-8.1-32bit","javascriptEnabled":true,"takesScreenshot":true,"handlesAlerts":false,"databaseEnabled":false,"locationContextEnabled":false,"applicationCacheEnabled":false,"browserConnectionEnabled":false,"cssSelectorsEnabled":true,"webStorageEnabled":false,"rotatable":false,"acceptSslCerts":false,"nativeEvents":true,"proxy":{"proxyType":"direct"}}
[INFO  - 2016-05-13T01:16:25.765Z] SessionManagerReqHand - _postNewSessionCommand - New Session Created: 50073200-18a8-11e6-8b37-dbc553cbb877
[INFO  - 2016-05-13T01:16:33.641Z] ShutdownReqHand - _handle - About to shutdown
[INFO  - 2016-05-13T01:17:33.258Z] GhostDriver - Main - running on port 43392
[INFO  - 2016-05-13T01:17:33.998Z] Session [78b2b990-18a8-11e6-bf6d-dfc668d72937] - page.settings - {"XSSAuditingEnabled":false,"javascriptCanCloseWindows":true,"javascriptCanOpenWindows":true,"javascriptEnabled":true,"loadImages":true,"localToRemoteUrlAccessEnabled":true,"userAgent":"Mozilla/5.0 (Windows NT 6.2; WOW64) AppleWebKit/538.1 (KHTML, like Gecko) PhantomJS/2.1.1 Safari/538.1","webSecurityEnabled":false}
[INFO  - 2016-05-13T01:17:33.998Z] Session [78b2b990-18a8-11e6-bf6d-dfc668d72937] - page.customHeaders:  - {}
[INFO  - 2016-05-13T01:17:33.998Z] Session [78b2b990-18a8-11e6-bf6d-dfc668d72937] - Session.negotiatedCapabilities - {"browserName":"phantomjs","version":"2.1.1","driverName":"ghostdriver","driverVersion":"1.2.0","platform":"windows-8.1-32bit","javascriptEnabled":true,"takesScreenshot":true,"handlesAlerts":false,"databaseEnabled":false,"locationContextEnabled":false,"applicationCacheEnabled":false,"browserConnectionEnabled":false,"cssSelectorsEnabled":true,"webStorageEnabled":false,"rotatable":false,"acceptSslCerts":false,"nativeEvents":true,"proxy":{"proxyType":"direct"}}
[INFO  - 2016-05-13T01:17:33.998Z] SessionManagerReqHand - _postNewSessionCommand - New Session Created: 78b2b990-18a8-11e6-bf6d-dfc668d72937
[INFO  - 2016-05-13T01:17:39.094Z] ShutdownReqHand - _handle - About to shutdown
[INFO  - 2016-05-13T01:29:10.962Z] GhostDriver - Main - running on port 20260
[INFO  - 2016-05-13T01:29:11.706Z] Session [18908450-18aa-11e6-9724-5d04bdab7375] - page.settings - {"XSSAuditingEnabled":false,"javascriptCanCloseWindows":true,"javascriptCanOpenWindows":true,"javascriptEnabled":true,"loadImages":true,"localToRemoteUrlAccessEnabled":true,"userAgent":"Mozilla/5.0 (Windows NT 6.2; WOW64) AppleWebKit/538.1 (KHTML, like Gecko) PhantomJS/2.1.1 Safari/538.1","webSecurityEnabled":false}
[INFO  - 2016-05-13T01:29:11.706Z] Session [18908450-18aa-11e6-9724-5d04bdab7375] - page.customHeaders:  - {}
[INFO  - 2016-05-13T01:29:11.706Z] Session [18908450-18aa-11e6-9724-5d04bdab7375] - Session.negotiatedCapabilities - {"browserName":"phantomjs","version":"2.1.1","driverName":"ghostdriver","driverVersion":"1.2.0","platform":"windows-8.1-32bit","javascriptEnabled":true,"takesScreenshot":true,"handlesAlerts":false,"databaseEnabled":false,"locationContextEnabled":false,"applicationCacheEnabled":false,"browserConnectionEnabled":false,"cssSelectorsEnabled":true,"webStorageEnabled":false,"rotatable":false,"acceptSslCerts":false,"nativeEvents":true,"proxy":{"proxyType":"direct"}}
[INFO  - 2016-05-13T01:29:11.706Z] SessionManagerReqHand - _postNewSessionCommand - New Session Created: 18908450-18aa-11e6-9724-5d04bdab7375
[INFO  - 2016-05-13T01:29:17.327Z] ShutdownReqHand - _handle - About to shutdown
[INFO  - 2016-05-13T01:31:02.863Z] GhostDriver - Main - running on port 6660
[INFO  - 2016-05-13T01:31:03.108Z] Session [5af74400-18aa-11e6-9b20-ab10ad97a95e] - page.settings - {"XSSAuditingEnabled":false,"javascriptCanCloseWindows":true,"javascriptCanOpenWindows":true,"javascriptEnabled":true,"loadImages":true,"localToRemoteUrlAccessEnabled":true,"userAgent":"Mozilla/5.0 (Windows NT 6.2; WOW64) AppleWebKit/538.1 (KHTML, like Gecko) PhantomJS/2.1.1 Safari/538.1","webSecurityEnabled":false}
[INFO  - 2016-05-13T01:31:03.109Z] Session [5af74400-18aa-11e6-9b20-ab10ad97a95e] - page.customHeaders:  - {}
[INFO  - 2016-05-13T01:31:03.109Z] Session [5af74400-18aa-11e6-9b20-ab10ad97a95e] - Session.negotiatedCapabilities - {"browserName":"phantomjs","version":"2.1.1","driverName":"ghostdriver","driverVersion":"1.2.0","platform":"windows-8.1-32bit","javascriptEnabled":true,"takesScreenshot":true,"handlesAlerts":false,"databaseEnabled":false,"locationContextEnabled":false,"applicationCacheEnabled":false,"browserConnectionEnabled":false,"cssSelectorsEnabled":true,"webStorageEnabled":false,"rotatable":false,"acceptSslCerts":false,"nativeEvents":true,"proxy":{"proxyType":"direct"}}
[INFO  - 2016-05-13T01:31:03.109Z] SessionManagerReqHand - _postNewSessionCommand - New Session Created: 5af74400-18aa-11e6-9b20-ab10ad97a95e
[INFO  - 2016-05-13T01:31:08.901Z] ShutdownReqHand - _handle - About to shutdown
[INFO  - 2016-05-13T01:32:56.986Z] GhostDriver - Main - running on port 36671
[INFO  - 2016-05-13T01:32:57.728Z] Session [9f48bcb0-18aa-11e6-a1f1-89fdcd6c443b] - page.settings - {"XSSAuditingEnabled":false,"javascriptCanCloseWindows":true,"javascriptCanOpenWindows":true,"javascriptEnabled":true,"loadImages":true,"localToRemoteUrlAccessEnabled":true,"userAgent":"Mozilla/5.0 (Windows NT 6.2; WOW64) AppleWebKit/538.1 (KHTML, like Gecko) PhantomJS/2.1.1 Safari/538.1","webSecurityEnabled":false}
[INFO  - 2016-05-13T01:32:57.728Z] Session [9f48bcb0-18aa-11e6-a1f1-89fdcd6c443b] - page.customHeaders:  - {}
[INFO  - 2016-05-13T01:32:57.728Z] Session [9f48bcb0-18aa-11e6-a1f1-89fdcd6c443b] - Session.negotiatedCapabilities - {"browserName":"phantomjs","version":"2.1.1","driverName":"ghostdriver","driverVersion":"1.2.0","platform":"windows-8.1-32bit","javascriptEnabled":true,"takesScreenshot":true,"handlesAlerts":false,"databaseEnabled":false,"locationContextEnabled":false,"applicationCacheEnabled":false,"browserConnectionEnabled":false,"cssSelectorsEnabled":true,"webStorageEnabled":false,"rotatable":false,"acceptSslCerts":false,"nativeEvents":true,"proxy":{"proxyType":"direct"}}
[INFO  - 2016-05-13T01:32:57.728Z] SessionManagerReqHand - _postNewSessionCommand - New Session Created: 9f48bcb0-18aa-11e6-a1f1-89fdcd6c443b
[INFO  - 2016-05-13T01:33:03.272Z] ShutdownReqHand - _handle - About to shutdown
[INFO  - 2016-05-13T01:33:29.267Z] GhostDriver - Main - running on port 25223
[INFO  - 2016-05-13T01:33:30.020Z] Session [b2881af0-18aa-11e6-99d2-79d4c0350847] - page.settings - {"XSSAuditingEnabled":false,"javascriptCanCloseWindows":true,"javascriptCanOpenWindows":true,"javascriptEnabled":true,"loadImages":true,"localToRemoteUrlAccessEnabled":true,"userAgent":"Mozilla/5.0 (Windows NT 6.2; WOW64) AppleWebKit/538.1 (KHTML, like Gecko) PhantomJS/2.1.1 Safari/538.1","webSecurityEnabled":false}
[INFO  - 2016-05-13T01:33:30.020Z] Session [b2881af0-18aa-11e6-99d2-79d4c0350847] - page.customHeaders:  - {}
[INFO  - 2016-05-13T01:33:30.020Z] Session [b2881af0-18aa-11e6-99d2-79d4c0350847] - Session.negotiatedCapabilities - {"browserName":"phantomjs","version":"2.1.1","driverName":"ghostdriver","driverVersion":"1.2.0","platform":"windows-8.1-32bit","javascriptEnabled":true,"takesScreenshot":true,"handlesAlerts":false,"databaseEnabled":false,"locationContextEnabled":false,"applicationCacheEnabled":false,"browserConnectionEnabled":false,"cssSelectorsEnabled":true,"webStorageEnabled":false,"rotatable":false,"acceptSslCerts":false,"nativeEvents":true,"proxy":{"proxyType":"direct"}}
[INFO  - 2016-05-13T01:33:30.021Z] SessionManagerReqHand - _postNewSessionCommand - New Session Created: b2881af0-18aa-11e6-99d2-79d4c0350847
[INFO  - 2016-05-13T01:33:36.382Z] ShutdownReqHand - _handle - About to shutdown
[INFO  - 2016-05-22T04:41:35.086Z] GhostDriver - Main - running on port 29573
[INFO  - 2016-05-22T04:41:36.691Z] Session [779a7620-1fd7-11e6-a2e2-1b6f81033d32] - page.settings - {"XSSAuditingEnabled":false,"javascriptCanCloseWindows":true,"javascriptCanOpenWindows":true,"javascriptEnabled":true,"loadImages":true,"localToRemoteUrlAccessEnabled":true,"userAgent":"Mozilla/5.0 (Windows NT 6.2; WOW64) AppleWebKit/538.1 (KHTML, like Gecko) PhantomJS/2.1.1 Safari/538.1","webSecurityEnabled":false}
[INFO  - 2016-05-22T04:41:36.700Z] Session [779a7620-1fd7-11e6-a2e2-1b6f81033d32] - page.customHeaders:  - {}
[INFO  - 2016-05-22T04:41:36.702Z] Session [779a7620-1fd7-11e6-a2e2-1b6f81033d32] - Session.negotiatedCapabilities - {"browserName":"phantomjs","version":"2.1.1","driverName":"ghostdriver","driverVersion":"1.2.0","platform":"windows-8.1-32bit","javascriptEnabled":true,"takesScreenshot":true,"handlesAlerts":false,"databaseEnabled":false,"locationContextEnabled":false,"applicationCacheEnabled":false,"browserConnectionEnabled":false,"cssSelectorsEnabled":true,"webStorageEnabled":false,"rotatable":false,"acceptSslCerts":false,"nativeEvents":true,"proxy":{"proxyType":"direct"}}
[INFO  - 2016-05-22T04:41:36.703Z] SessionManagerReqHand - _postNewSessionCommand - New Session Created: 779a7620-1fd7-11e6-a2e2-1b6f81033d32
[INFO  - 2016-05-22T04:41:44.884Z] ShutdownReqHand - _handle - About to shutdown
[INFO  - 2016-05-22T04:41:49.775Z] GhostDriver - Main - running on port 8097
[INFO  - 2016-05-22T04:41:50.174Z] Session [7fa68cf0-1fd7-11e6-ab6d-0f186a0fef0f] - page.settings - {"XSSAuditingEnabled":false,"javascriptCanCloseWindows":true,"javascriptCanOpenWindows":true,"javascriptEnabled":true,"loadImages":true,"localToRemoteUrlAccessEnabled":true,"userAgent":"Mozilla/5.0 (Windows NT 6.2; WOW64) AppleWebKit/538.1 (KHTML, like Gecko) PhantomJS/2.1.1 Safari/538.1","webSecurityEnabled":false}
[INFO  - 2016-05-22T04:41:50.175Z] Session [7fa68cf0-1fd7-11e6-ab6d-0f186a0fef0f] - page.customHeaders:  - {}
[INFO  - 2016-05-22T04:41:50.176Z] Session [7fa68cf0-1fd7-11e6-ab6d-0f186a0fef0f] - Session.negotiatedCapabilities - {"browserName":"phantomjs","version":"2.1.1","driverName":"ghostdriver","driverVersion":"1.2.0","platform":"windows-8.1-32bit","javascriptEnabled":true,"takesScreenshot":true,"handlesAlerts":false,"databaseEnabled":false,"locationContextEnabled":false,"applicationCacheEnabled":false,"browserConnectionEnabled":false,"cssSelectorsEnabled":true,"webStorageEnabled":false,"rotatable":false,"acceptSslCerts":false,"nativeEvents":true,"proxy":{"proxyType":"direct"}}
[INFO  - 2016-05-22T04:41:50.178Z] SessionManagerReqHand - _postNewSessionCommand - New Session Created: 7fa68cf0-1fd7-11e6-ab6d-0f186a0fef0f
[INFO  - 2016-05-22T04:42:02.645Z] ShutdownReqHand - _handle - About to shutdown
[INFO  - 2016-05-22T04:42:07.426Z] GhostDriver - Main - running on port 12537
[INFO  - 2016-05-22T04:42:07.976Z] Session [8a418c00-1fd7-11e6-8d3f-df2c9ce8f15e] - page.settings - {"XSSAuditingEnabled":false,"javascriptCanCloseWindows":true,"javascriptCanOpenWindows":true,"javascriptEnabled":true,"loadImages":true,"localToRemoteUrlAccessEnabled":true,"userAgent":"Mozilla/5.0 (Windows NT 6.2; WOW64) AppleWebKit/538.1 (KHTML, like Gecko) PhantomJS/2.1.1 Safari/538.1","webSecurityEnabled":false}
[INFO  - 2016-05-22T04:42:07.979Z] Session [8a418c00-1fd7-11e6-8d3f-df2c9ce8f15e] - page.customHeaders:  - {}
[INFO  - 2016-05-22T04:42:07.989Z] Session [8a418c00-1fd7-11e6-8d3f-df2c9ce8f15e] - Session.negotiatedCapabilities - {"browserName":"phantomjs","version":"2.1.1","driverName":"ghostdriver","driverVersion":"1.2.0","platform":"windows-8.1-32bit","javascriptEnabled":true,"takesScreenshot":true,"handlesAlerts":false,"databaseEnabled":false,"locationContextEnabled":false,"applicationCacheEnabled":false,"browserConnectionEnabled":false,"cssSelectorsEnabled":true,"webStorageEnabled":false,"rotatable":false,"acceptSslCerts":false,"nativeEvents":true,"proxy":{"proxyType":"direct"}}
[INFO  - 2016-05-22T04:42:07.993Z] SessionManagerReqHand - _postNewSessionCommand - New Session Created: 8a418c00-1fd7-11e6-8d3f-df2c9ce8f15e
[INFO  - 2016-05-22T04:42:08.153Z] ShutdownReqHand - _handle - About to shutdown
[INFO  - 2016-05-22T04:42:12.946Z] GhostDriver - Main - running on port 23964
[INFO  - 2016-05-22T04:42:13.472Z] Session [8d898b10-1fd7-11e6-b106-9fc854725875] - page.settings - {"XSSAuditingEnabled":false,"javascriptCanCloseWindows":true,"javascriptCanOpenWindows":true,"javascriptEnabled":true,"loadImages":true,"localToRemoteUrlAccessEnabled":true,"userAgent":"Mozilla/5.0 (Windows NT 6.2; WOW64) AppleWebKit/538.1 (KHTML, like Gecko) PhantomJS/2.1.1 Safari/538.1","webSecurityEnabled":false}
[INFO  - 2016-05-22T04:42:13.472Z] Session [8d898b10-1fd7-11e6-b106-9fc854725875] - page.customHeaders:  - {}
[INFO  - 2016-05-22T04:42:13.473Z] Session [8d898b10-1fd7-11e6-b106-9fc854725875] - Session.negotiatedCapabilities - {"browserName":"phantomjs","version":"2.1.1","driverName":"ghostdriver","driverVersion":"1.2.0","platform":"windows-8.1-32bit","javascriptEnabled":true,"takesScreenshot":true,"handlesAlerts":false,"databaseEnabled":false,"locationContextEnabled":false,"applicationCacheEnabled":false,"browserConnectionEnabled":false,"cssSelectorsEnabled":true,"webStorageEnabled":false,"rotatable":false,"acceptSslCerts":false,"nativeEvents":true,"proxy":{"proxyType":"direct"}}
[INFO  - 2016-05-22T04:42:13.473Z] SessionManagerReqHand - _postNewSessionCommand - New Session Created: 8d898b10-1fd7-11e6-b106-9fc854725875
[INFO  - 2016-05-22T04:44:12.665Z] ShutdownReqHand - _handle - About to shutdown
[INFO  - 2016-05-22T04:44:17.666Z] GhostDriver - Main - running on port 37454
[INFO  - 2016-05-22T04:44:18.084Z] Session [d7cffa60-1fd7-11e6-a763-938eae48554b] - page.settings - {"XSSAuditingEnabled":false,"javascriptCanCloseWindows":true,"javascriptCanOpenWindows":true,"javascriptEnabled":true,"loadImages":true,"localToRemoteUrlAccessEnabled":true,"userAgent":"Mozilla/5.0 (Windows NT 6.2; WOW64) AppleWebKit/538.1 (KHTML, like Gecko) PhantomJS/2.1.1 Safari/538.1","webSecurityEnabled":false}
[INFO  - 2016-05-22T04:44:18.084Z] Session [d7cffa60-1fd7-11e6-a763-938eae48554b] - page.customHeaders:  - {}
[INFO  - 2016-05-22T04:44:18.088Z] Session [d7cffa60-1fd7-11e6-a763-938eae48554b] - Session.negotiatedCapabilities - {"browserName":"phantomjs","version":"2.1.1","driverName":"ghostdriver","driverVersion":"1.2.0","platform":"windows-8.1-32bit","javascriptEnabled":true,"takesScreenshot":true,"handlesAlerts":false,"databaseEnabled":false,"locationContextEnabled":false,"applicationCacheEnabled":false,"browserConnectionEnabled":false,"cssSelectorsEnabled":true,"webStorageEnabled":false,"rotatable":false,"acceptSslCerts":false,"nativeEvents":true,"proxy":{"proxyType":"direct"}}
[INFO  - 2016-05-22T04:44:18.092Z] SessionManagerReqHand - _postNewSessionCommand - New Session Created: d7cffa60-1fd7-11e6-a763-938eae48554b
[INFO  - 2016-05-22T04:44:22.286Z] ShutdownReqHand - _handle - About to shutdown
[INFO  - 2016-05-22T04:44:27.791Z] GhostDriver - Main - running on port 37487
[INFO  - 2016-05-22T04:44:28.799Z] Session [de3035f0-1fd7-11e6-aeff-41b48a0a9306] - page.settings - {"XSSAuditingEnabled":false,"javascriptCanCloseWindows":true,"javascriptCanOpenWindows":true,"javascriptEnabled":true,"loadImages":true,"localToRemoteUrlAccessEnabled":true,"userAgent":"Mozilla/5.0 (Windows NT 6.2; WOW64) AppleWebKit/538.1 (KHTML, like Gecko) PhantomJS/2.1.1 Safari/538.1","webSecurityEnabled":false}
[INFO  - 2016-05-22T04:44:28.800Z] Session [de3035f0-1fd7-11e6-aeff-41b48a0a9306] - page.customHeaders:  - {}
[INFO  - 2016-05-22T04:44:28.801Z] Session [de3035f0-1fd7-11e6-aeff-41b48a0a9306] - Session.negotiatedCapabilities - {"browserName":"phantomjs","version":"2.1.1","driverName":"ghostdriver","driverVersion":"1.2.0","platform":"windows-8.1-32bit","javascriptEnabled":true,"takesScreenshot":true,"handlesAlerts":false,"databaseEnabled":false,"locationContextEnabled":false,"applicationCacheEnabled":false,"browserConnectionEnabled":false,"cssSelectorsEnabled":true,"webStorageEnabled":false,"rotatable":false,"acceptSslCerts":false,"nativeEvents":true,"proxy":{"proxyType":"direct"}}
[INFO  - 2016-05-22T04:44:28.802Z] SessionManagerReqHand - _postNewSessionCommand - New Session Created: de3035f0-1fd7-11e6-aeff-41b48a0a9306
[INFO  - 2016-05-22T04:44:39.143Z] ShutdownReqHand - _handle - About to shutdown
[INFO  - 2016-05-22T04:44:41.762Z] GhostDriver - Main - running on port 12681
[INFO  - 2016-05-22T04:44:42.228Z] Session [e63791d0-1fd7-11e6-8584-0991aaaba79c] - page.settings - {"XSSAuditingEnabled":false,"javascriptCanCloseWindows":true,"javascriptCanOpenWindows":true,"javascriptEnabled":true,"loadImages":true,"localToRemoteUrlAccessEnabled":true,"userAgent":"Mozilla/5.0 (Windows NT 6.2; WOW64) AppleWebKit/538.1 (KHTML, like Gecko) PhantomJS/2.1.1 Safari/538.1","webSecurityEnabled":false}
[INFO  - 2016-05-22T04:44:42.228Z] Session [e63791d0-1fd7-11e6-8584-0991aaaba79c] - page.customHeaders:  - {}
[INFO  - 2016-05-22T04:44:42.229Z] Session [e63791d0-1fd7-11e6-8584-0991aaaba79c] - Session.negotiatedCapabilities - {"browserName":"phantomjs","version":"2.1.1","driverName":"ghostdriver","driverVersion":"1.2.0","platform":"windows-8.1-32bit","javascriptEnabled":true,"takesScreenshot":true,"handlesAlerts":false,"databaseEnabled":false,"locationContextEnabled":false,"applicationCacheEnabled":false,"browserConnectionEnabled":false,"cssSelectorsEnabled":true,"webStorageEnabled":false,"rotatable":false,"acceptSslCerts":false,"nativeEvents":true,"proxy":{"proxyType":"direct"}}
[INFO  - 2016-05-22T04:44:42.229Z] SessionManagerReqHand - _postNewSessionCommand - New Session Created: e63791d0-1fd7-11e6-8584-0991aaaba79c
[INFO  - 2016-05-22T04:44:44.684Z] ShutdownReqHand - _handle - About to shutdown
[INFO  - 2016-05-22T04:44:47.329Z] GhostDriver - Main - running on port 3531
[INFO  - 2016-05-22T04:44:47.767Z] Session [e984e810-1fd7-11e6-8650-0b69768b7b62] - page.settings - {"XSSAuditingEnabled":false,"javascriptCanCloseWindows":true,"javascriptCanOpenWindows":true,"javascriptEnabled":true,"loadImages":true,"localToRemoteUrlAccessEnabled":true,"userAgent":"Mozilla/5.0 (Windows NT 6.2; WOW64) AppleWebKit/538.1 (KHTML, like Gecko) PhantomJS/2.1.1 Safari/538.1","webSecurityEnabled":false}
[INFO  - 2016-05-22T04:44:47.767Z] Session [e984e810-1fd7-11e6-8650-0b69768b7b62] - page.customHeaders:  - {}
[INFO  - 2016-05-22T04:44:47.767Z] Session [e984e810-1fd7-11e6-8650-0b69768b7b62] - Session.negotiatedCapabilities - {"browserName":"phantomjs","version":"2.1.1","driverName":"ghostdriver","driverVersion":"1.2.0","platform":"windows-8.1-32bit","javascriptEnabled":true,"takesScreenshot":true,"handlesAlerts":false,"databaseEnabled":false,"locationContextEnabled":false,"applicationCacheEnabled":false,"browserConnectionEnabled":false,"cssSelectorsEnabled":true,"webStorageEnabled":false,"rotatable":false,"acceptSslCerts":false,"nativeEvents":true,"proxy":{"proxyType":"direct"}}
[INFO  - 2016-05-22T04:44:47.767Z] SessionManagerReqHand - _postNewSessionCommand - New Session Created: e984e810-1fd7-11e6-8650-0b69768b7b62
[INFO  - 2016-05-22T04:45:00.689Z] ShutdownReqHand - _handle - About to shutdown
[INFO  - 2016-05-24T16:02:26.195Z] GhostDriver - Main - running on port 48919
[INFO  - 2016-05-24T16:02:27.218Z] Session [e943cf90-21c8-11e6-bf5b-9d49b6864810] - page.settings - {"XSSAuditingEnabled":false,"javascriptCanCloseWindows":true,"javascriptCanOpenWindows":true,"javascriptEnabled":true,"loadImages":true,"localToRemoteUrlAccessEnabled":true,"userAgent":"Mozilla/5.0 (Windows NT 6.2; WOW64) AppleWebKit/538.1 (KHTML, like Gecko) PhantomJS/2.1.1 Safari/538.1","webSecurityEnabled":false}
[INFO  - 2016-05-24T16:02:27.218Z] Session [e943cf90-21c8-11e6-bf5b-9d49b6864810] - page.customHeaders:  - {}
[INFO  - 2016-05-24T16:02:27.218Z] Session [e943cf90-21c8-11e6-bf5b-9d49b6864810] - Session.negotiatedCapabilities - {"browserName":"phantomjs","version":"2.1.1","driverName":"ghostdriver","driverVersion":"1.2.0","platform":"windows-8.1-32bit","javascriptEnabled":true,"takesScreenshot":true,"handlesAlerts":false,"databaseEnabled":false,"locationContextEnabled":false,"applicationCacheEnabled":false,"browserConnectionEnabled":false,"cssSelectorsEnabled":true,"webStorageEnabled":false,"rotatable":false,"acceptSslCerts":false,"nativeEvents":true,"proxy":{"proxyType":"direct"}}
[INFO  - 2016-05-24T16:02:27.218Z] SessionManagerReqHand - _postNewSessionCommand - New Session Created: e943cf90-21c8-11e6-bf5b-9d49b6864810
[INFO  - 2016-05-24T16:02:29.326Z] ShutdownReqHand - _handle - About to shutdown
[INFO  - 2016-05-24T16:09:46.739Z] GhostDriver - Main - running on port 12373
[INFO  - 2016-05-24T16:09:47.452Z] Session [efaa0920-21c9-11e6-8896-25563a844cb3] - page.settings - {"XSSAuditingEnabled":false,"javascriptCanCloseWindows":true,"javascriptCanOpenWindows":true,"javascriptEnabled":true,"loadImages":true,"localToRemoteUrlAccessEnabled":true,"userAgent":"Mozilla/5.0 (Windows NT 6.2; WOW64) AppleWebKit/538.1 (KHTML, like Gecko) PhantomJS/2.1.1 Safari/538.1","webSecurityEnabled":false}
[INFO  - 2016-05-24T16:09:47.452Z] Session [efaa0920-21c9-11e6-8896-25563a844cb3] - page.customHeaders:  - {}
[INFO  - 2016-05-24T16:09:47.452Z] Session [efaa0920-21c9-11e6-8896-25563a844cb3] - Session.negotiatedCapabilities - {"browserName":"phantomjs","version":"2.1.1","driverName":"ghostdriver","driverVersion":"1.2.0","platform":"windows-8.1-32bit","javascriptEnabled":true,"takesScreenshot":true,"handlesAlerts":false,"databaseEnabled":false,"locationContextEnabled":false,"applicationCacheEnabled":false,"browserConnectionEnabled":false,"cssSelectorsEnabled":true,"webStorageEnabled":false,"rotatable":false,"acceptSslCerts":false,"nativeEvents":true,"proxy":{"proxyType":"direct"}}
[INFO  - 2016-05-24T16:09:47.452Z] SessionManagerReqHand - _postNewSessionCommand - New Session Created: efaa0920-21c9-11e6-8896-25563a844cb3
[INFO  - 2016-05-24T16:09:52.914Z] ShutdownReqHand - _handle - About to shutdown
[INFO  - 2016-05-24T16:12:13.977Z] GhostDriver - Main - running on port 38733
[INFO  - 2016-05-24T16:12:14.640Z] Session [4765c0a0-21ca-11e6-943c-6f5565498abe] - page.settings - {"XSSAuditingEnabled":false,"javascriptCanCloseWindows":true,"javascriptCanOpenWindows":true,"javascriptEnabled":true,"loadImages":true,"localToRemoteUrlAccessEnabled":true,"userAgent":"Mozilla/5.0 (Windows NT 6.2; WOW64) AppleWebKit/538.1 (KHTML, like Gecko) PhantomJS/2.1.1 Safari/538.1","webSecurityEnabled":false}
[INFO  - 2016-05-24T16:12:14.640Z] Session [4765c0a0-21ca-11e6-943c-6f5565498abe] - page.customHeaders:  - {}
[INFO  - 2016-05-24T16:12:14.640Z] Session [4765c0a0-21ca-11e6-943c-6f5565498abe] - Session.negotiatedCapabilities - {"browserName":"phantomjs","version":"2.1.1","driverName":"ghostdriver","driverVersion":"1.2.0","platform":"windows-8.1-32bit","javascriptEnabled":true,"takesScreenshot":true,"handlesAlerts":false,"databaseEnabled":false,"locationContextEnabled":false,"applicationCacheEnabled":false,"browserConnectionEnabled":false,"cssSelectorsEnabled":true,"webStorageEnabled":false,"rotatable":false,"acceptSslCerts":false,"nativeEvents":true,"proxy":{"proxyType":"direct"}}
[INFO  - 2016-05-24T16:12:14.641Z] SessionManagerReqHand - _postNewSessionCommand - New Session Created: 4765c0a0-21ca-11e6-943c-6f5565498abe
[INFO  - 2016-05-24T16:12:18.229Z] ShutdownReqHand - _handle - About to shutdown
[INFO  - 2016-05-24T16:13:23.154Z] GhostDriver - Main - running on port 14377
[INFO  - 2016-05-24T16:13:23.829Z] Session [70a327f0-21ca-11e6-9e2f-89b8d0d90e37] - page.settings - {"XSSAuditingEnabled":false,"javascriptCanCloseWindows":true,"javascriptCanOpenWindows":true,"javascriptEnabled":true,"loadImages":true,"localToRemoteUrlAccessEnabled":true,"userAgent":"Mozilla/5.0 (Windows NT 6.2; WOW64) AppleWebKit/538.1 (KHTML, like Gecko) PhantomJS/2.1.1 Safari/538.1","webSecurityEnabled":false}
[INFO  - 2016-05-24T16:13:23.829Z] Session [70a327f0-21ca-11e6-9e2f-89b8d0d90e37] - page.customHeaders:  - {}
[INFO  - 2016-05-24T16:13:23.829Z] Session [70a327f0-21ca-11e6-9e2f-89b8d0d90e37] - Session.negotiatedCapabilities - {"browserName":"phantomjs","version":"2.1.1","driverName":"ghostdriver","driverVersion":"1.2.0","platform":"windows-8.1-32bit","javascriptEnabled":true,"takesScreenshot":true,"handlesAlerts":false,"databaseEnabled":false,"locationContextEnabled":false,"applicationCacheEnabled":false,"browserConnectionEnabled":false,"cssSelectorsEnabled":true,"webStorageEnabled":false,"rotatable":false,"acceptSslCerts":false,"nativeEvents":true,"proxy":{"proxyType":"direct"}}
[INFO  - 2016-05-24T16:13:23.830Z] SessionManagerReqHand - _postNewSessionCommand - New Session Created: 70a327f0-21ca-11e6-9e2f-89b8d0d90e37
[INFO  - 2016-05-24T16:13:26.971Z] ShutdownReqHand - _handle - About to shutdown
[INFO  - 2016-05-24T16:15:32.059Z] GhostDriver - Main - running on port 25344
[INFO  - 2016-05-24T16:15:32.726Z] Session [bd774700-21ca-11e6-ae38-49ebf66399af] - page.settings - {"XSSAuditingEnabled":false,"javascriptCanCloseWindows":true,"javascriptCanOpenWindows":true,"javascriptEnabled":true,"loadImages":true,"localToRemoteUrlAccessEnabled":true,"userAgent":"Mozilla/5.0 (Windows NT 6.2; WOW64) AppleWebKit/538.1 (KHTML, like Gecko) PhantomJS/2.1.1 Safari/538.1","webSecurityEnabled":false}
[INFO  - 2016-05-24T16:15:32.726Z] Session [bd774700-21ca-11e6-ae38-49ebf66399af] - page.customHeaders:  - {}
[INFO  - 2016-05-24T16:15:32.726Z] Session [bd774700-21ca-11e6-ae38-49ebf66399af] - Session.negotiatedCapabilities - {"browserName":"phantomjs","version":"2.1.1","driverName":"ghostdriver","driverVersion":"1.2.0","platform":"windows-8.1-32bit","javascriptEnabled":true,"takesScreenshot":true,"handlesAlerts":false,"databaseEnabled":false,"locationContextEnabled":false,"applicationCacheEnabled":false,"browserConnectionEnabled":false,"cssSelectorsEnabled":true,"webStorageEnabled":false,"rotatable":false,"acceptSslCerts":false,"nativeEvents":true,"proxy":{"proxyType":"direct"}}
[INFO  - 2016-05-24T16:15:32.727Z] SessionManagerReqHand - _postNewSessionCommand - New Session Created: bd774700-21ca-11e6-ae38-49ebf66399af
[INFO  - 2016-05-24T16:15:35.001Z] ShutdownReqHand - _handle - About to shutdown
[INFO  - 2016-05-24T18:24:33.349Z] GhostDriver - Main - running on port 33783
[INFO  - 2016-05-24T18:24:34.087Z] Session [c3ad6020-21dc-11e6-b7e4-33a326eee021] - page.settings - {"XSSAuditingEnabled":false,"javascriptCanCloseWindows":true,"javascriptCanOpenWindows":true,"javascriptEnabled":true,"loadImages":true,"localToRemoteUrlAccessEnabled":true,"userAgent":"Mozilla/5.0 (Windows NT 6.2; WOW64) AppleWebKit/538.1 (KHTML, like Gecko) PhantomJS/2.1.1 Safari/538.1","webSecurityEnabled":false}
[INFO  - 2016-05-24T18:24:34.087Z] Session [c3ad6020-21dc-11e6-b7e4-33a326eee021] - page.customHeaders:  - {}
[INFO  - 2016-05-24T18:24:34.087Z] Session [c3ad6020-21dc-11e6-b7e4-33a326eee021] - Session.negotiatedCapabilities - {"browserName":"phantomjs","version":"2.1.1","driverName":"ghostdriver","driverVersion":"1.2.0","platform":"windows-8.1-32bit","javascriptEnabled":true,"takesScreenshot":true,"handlesAlerts":false,"databaseEnabled":false,"locationContextEnabled":false,"applicationCacheEnabled":false,"browserConnectionEnabled":false,"cssSelectorsEnabled":true,"webStorageEnabled":false,"rotatable":false,"acceptSslCerts":false,"nativeEvents":true,"proxy":{"proxyType":"direct"}}
[INFO  - 2016-05-24T18:24:34.087Z] SessionManagerReqHand - _postNewSessionCommand - New Session Created: c3ad6020-21dc-11e6-b7e4-33a326eee021
[INFO  - 2016-05-24T18:24:36.490Z] ShutdownReqHand - _handle - About to shutdown
[INFO  - 2016-05-24T18:27:13.022Z] GhostDriver - Main - running on port 15090
[INFO  - 2016-05-24T18:27:13.761Z] Session [22d9b1c0-21dd-11e6-af5b-b7fc777f1e0d] - page.settings - {"XSSAuditingEnabled":false,"javascriptCanCloseWindows":true,"javascriptCanOpenWindows":true,"javascriptEnabled":true,"loadImages":true,"localToRemoteUrlAccessEnabled":true,"userAgent":"Mozilla/5.0 (Windows NT 6.2; WOW64) AppleWebKit/538.1 (KHTML, like Gecko) PhantomJS/2.1.1 Safari/538.1","webSecurityEnabled":false}
[INFO  - 2016-05-24T18:27:13.761Z] Session [22d9b1c0-21dd-11e6-af5b-b7fc777f1e0d] - page.customHeaders:  - {}
[INFO  - 2016-05-24T18:27:13.762Z] Session [22d9b1c0-21dd-11e6-af5b-b7fc777f1e0d] - Session.negotiatedCapabilities - {"browserName":"phantomjs","version":"2.1.1","driverName":"ghostdriver","driverVersion":"1.2.0","platform":"windows-8.1-32bit","javascriptEnabled":true,"takesScreenshot":true,"handlesAlerts":false,"databaseEnabled":false,"locationContextEnabled":false,"applicationCacheEnabled":false,"browserConnectionEnabled":false,"cssSelectorsEnabled":true,"webStorageEnabled":false,"rotatable":false,"acceptSslCerts":false,"nativeEvents":true,"proxy":{"proxyType":"direct"}}
[INFO  - 2016-05-24T18:27:13.762Z] SessionManagerReqHand - _postNewSessionCommand - New Session Created: 22d9b1c0-21dd-11e6-af5b-b7fc777f1e0d
[INFO  - 2016-05-24T18:27:16.053Z] ShutdownReqHand - _handle - About to shutdown
[INFO  - 2016-05-24T18:29:22.771Z] GhostDriver - Main - running on port 36791
[INFO  - 2016-05-24T18:29:23.522Z] Session [7031cde0-21dd-11e6-a3e7-d98ee59e2063] - page.settings - {"XSSAuditingEnabled":false,"javascriptCanCloseWindows":true,"javascriptCanOpenWindows":true,"javascriptEnabled":true,"loadImages":true,"localToRemoteUrlAccessEnabled":true,"userAgent":"Mozilla/5.0 (Windows NT 6.2; WOW64) AppleWebKit/538.1 (KHTML, like Gecko) PhantomJS/2.1.1 Safari/538.1","webSecurityEnabled":false}
[INFO  - 2016-05-24T18:29:23.523Z] Session [7031cde0-21dd-11e6-a3e7-d98ee59e2063] - page.customHeaders:  - {}
[INFO  - 2016-05-24T18:29:23.523Z] Session [7031cde0-21dd-11e6-a3e7-d98ee59e2063] - Session.negotiatedCapabilities - {"browserName":"phantomjs","version":"2.1.1","driverName":"ghostdriver","driverVersion":"1.2.0","platform":"windows-8.1-32bit","javascriptEnabled":true,"takesScreenshot":true,"handlesAlerts":false,"databaseEnabled":false,"locationContextEnabled":false,"applicationCacheEnabled":false,"browserConnectionEnabled":false,"cssSelectorsEnabled":true,"webStorageEnabled":false,"rotatable":false,"acceptSslCerts":false,"nativeEvents":true,"proxy":{"proxyType":"direct"}}
[INFO  - 2016-05-24T18:29:23.523Z] SessionManagerReqHand - _postNewSessionCommand - New Session Created: 7031cde0-21dd-11e6-a3e7-d98ee59e2063
[INFO  - 2016-05-24T18:29:29.397Z] ShutdownReqHand - _handle - About to shutdown
[INFO  - 2016-05-24T18:33:55.947Z] GhostDriver - Main - running on port 46416
[INFO  - 2016-05-24T18:33:56.141Z] Session [12afb460-21de-11e6-a320-3525e45ea91a] - page.settings - {"XSSAuditingEnabled":false,"javascriptCanCloseWindows":true,"javascriptCanOpenWindows":true,"javascriptEnabled":true,"loadImages":true,"localToRemoteUrlAccessEnabled":true,"userAgent":"Mozilla/5.0 (Windows NT 6.2; WOW64) AppleWebKit/538.1 (KHTML, like Gecko) PhantomJS/2.1.1 Safari/538.1","webSecurityEnabled":false}
[INFO  - 2016-05-24T18:33:56.141Z] Session [12afb460-21de-11e6-a320-3525e45ea91a] - page.customHeaders:  - {}
[INFO  - 2016-05-24T18:33:56.141Z] Session [12afb460-21de-11e6-a320-3525e45ea91a] - Session.negotiatedCapabilities - {"browserName":"phantomjs","version":"2.1.1","driverName":"ghostdriver","driverVersion":"1.2.0","platform":"windows-8.1-32bit","javascriptEnabled":true,"takesScreenshot":true,"handlesAlerts":false,"databaseEnabled":false,"locationContextEnabled":false,"applicationCacheEnabled":false,"browserConnectionEnabled":false,"cssSelectorsEnabled":true,"webStorageEnabled":false,"rotatable":false,"acceptSslCerts":false,"nativeEvents":true,"proxy":{"proxyType":"direct"}}
[INFO  - 2016-05-24T18:33:56.141Z] SessionManagerReqHand - _postNewSessionCommand - New Session Created: 12afb460-21de-11e6-a320-3525e45ea91a
[INFO  - 2016-05-24T18:33:59.109Z] ShutdownReqHand - _handle - About to shutdown
